/home/nirajpawar981/.local/lib/python3.10/site-packages/google/api_core/_python_version_support.py:255: FutureWarning: You are using a Python version (3.10.12) which Google will stop supporting in new releases of google.api_core once it reaches its end of life (2026-10-04). Please upgrade to the latest Python version, or at least Python 3.11, to continue receiving updates for google.api_core past that date.
  warnings.warn(message, FutureWarning)
/home/nirajpawar981/.local/lib/python3.10/site-packages/google/api_core/_python_version_support.py:255: FutureWarning: You are using a Python version (3.10.12) which Google will stop supporting in new releases of google.pubsub_v1 once it reaches its end of life (2026-10-04). Please upgrade to the latest Python version, or at least Python 3.11, to continue receiving updates for google.pubsub_v1 past that date.
  warnings.warn(message, FutureWarning)
CPU Usage : 0.0%
RAM Usage : 27.9%
Disk Usage: 51.0%
System Healthy - No Alert Generated
/home/nirajpawar981/.local/lib/python3.10/site-packages/google/api_core/_python_version_support.py:255: FutureWarning: You are using a Python version (3.10.12) which Google will stop supporting in new releases of google.api_core once it reaches its end of life (2026-10-04). Please upgrade to the latest Python version, or at least Python 3.11, to continue receiving updates for google.api_core past that date.
  warnings.warn(message, FutureWarning)
/home/nirajpawar981/.local/lib/python3.10/site-packages/google/api_core/_python_version_support.py:255: FutureWarning: You are using a Python version (3.10.12) which Google will stop supporting in new releases of google.pubsub_v1 once it reaches its end of life (2026-10-04). Please upgrade to the latest Python version, or at least Python 3.11, to continue receiving updates for google.pubsub_v1 past that date.
  warnings.warn(message, FutureWarning)
CPU Usage : 0.0%
RAM Usage : 29.1%
Disk Usage: 51.0%
System Healthy - No Alert Generated
/home/nirajpawar981/.local/lib/python3.10/site-packages/google/api_core/_python_version_support.py:255: FutureWarning: You are using a Python version (3.10.12) which Google will stop supporting in new releases of google.api_core once it reaches its end of life (2026-10-04). Please upgrade to the latest Python version, or at least Python 3.11, to continue receiving updates for google.api_core past that date.
  warnings.warn(message, FutureWarning)
/home/nirajpawar981/.local/lib/python3.10/site-packages/google/api_core/_python_version_support.py:255: FutureWarning: You are using a Python version (3.10.12) which Google will stop supporting in new releases of google.pubsub_v1 once it reaches its end of life (2026-10-04). Please upgrade to the latest Python version, or at least Python 3.11, to continue receiving updates for google.pubsub_v1 past that date.
  warnings.warn(message, FutureWarning)
CPU Usage : 0.5%
RAM Usage : 29.0%
Disk Usage: 51.0%
System Healthy - No Alert Generated
/home/nirajpawar981/.local/lib/python3.10/site-packages/google/api_core/_python_version_support.py:255: FutureWarning: You are using a Python version (3.10.12) which Google will stop supporting in new releases of google.api_core once it reaches its end of life (2026-10-04). Please upgrade to the latest Python version, or at least Python 3.11, to continue receiving updates for google.api_core past that date.
  warnings.warn(message, FutureWarning)
/home/nirajpawar981/.local/lib/python3.10/site-packages/google/api_core/_python_version_support.py:255: FutureWarning: You are using a Python version (3.10.12) which Google will stop supporting in new releases of google.pubsub_v1 once it reaches its end of life (2026-10-04). Please upgrade to the latest Python version, or at least Python 3.11, to continue receiving updates for google.pubsub_v1 past that date.
  warnings.warn(message, FutureWarning)
CPU Usage : 0.5%
RAM Usage : 28.8%
Disk Usage: 51.0%
System Healthy - No Alert Generated
/home/nirajpawar981/.local/lib/python3.10/site-packages/google/api_core/_python_version_support.py:255: FutureWarning: You are using a Python version (3.10.12) which Google will stop supporting in new releases of google.api_core once it reaches its end of life (2026-10-04). Please upgrade to the latest Python version, or at least Python 3.11, to continue receiving updates for google.api_core past that date.
  warnings.warn(message, FutureWarning)
/home/nirajpawar981/.local/lib/python3.10/site-packages/google/api_core/_python_version_support.py:255: FutureWarning: You are using a Python version (3.10.12) which Google will stop supporting in new releases of google.pubsub_v1 once it reaches its end of life (2026-10-04). Please upgrade to the latest Python version, or at least Python 3.11, to continue receiving updates for google.pubsub_v1 past that date.
  warnings.warn(message, FutureWarning)
CPU Usage : 0.0%
RAM Usage : 28.2%
Disk Usage: 51.0%
System Healthy - No Alert Generated
/home/nirajpawar981/.local/lib/python3.10/site-packages/google/api_core/_python_version_support.py:255: FutureWarning: You are using a Python version (3.10.12) which Google will stop supporting in new releases of google.api_core once it reaches its end of life (2026-10-04). Please upgrade to the latest Python version, or at least Python 3.11, to continue receiving updates for google.api_core past that date.
  warnings.warn(message, FutureWarning)
/home/nirajpawar981/.local/lib/python3.10/site-packages/google/api_core/_python_version_support.py:255: FutureWarning: You are using a Python version (3.10.12) which Google will stop supporting in new releases of google.pubsub_v1 once it reaches its end of life (2026-10-04). Please upgrade to the latest Python version, or at least Python 3.11, to continue receiving updates for google.pubsub_v1 past that date.
  warnings.warn(message, FutureWarning)
CPU Usage : 1.0%
RAM Usage : 27.5%
Disk Usage: 51.0%
System Healthy - No Alert Generated
/home/nirajpawar981/.local/lib/python3.10/site-packages/google/api_core/_python_version_support.py:255: FutureWarning: You are using a Python version (3.10.12) which Google will stop supporting in new releases of google.api_core once it reaches its end of life (2026-10-04). Please upgrade to the latest Python version, or at least Python 3.11, to continue receiving updates for google.api_core past that date.
  warnings.warn(message, FutureWarning)
/home/nirajpawar981/.local/lib/python3.10/site-packages/google/api_core/_python_version_support.py:255: FutureWarning: You are using a Python version (3.10.12) which Google will stop supporting in new releases of google.pubsub_v1 once it reaches its end of life (2026-10-04). Please upgrade to the latest Python version, or at least Python 3.11, to continue receiving updates for google.pubsub_v1 past that date.
  warnings.warn(message, FutureWarning)
CPU Usage : 0.5%
RAM Usage : 28.4%
Disk Usage: 51.0%
System Healthy - No Alert Generated
/home/nirajpawar981/.local/lib/python3.10/site-packages/google/api_core/_python_version_support.py:255: FutureWarning: You are using a Python version (3.10.12) which Google will stop supporting in new releases of google.api_core once it reaches its end of life (2026-10-04). Please upgrade to the latest Python version, or at least Python 3.11, to continue receiving updates for google.api_core past that date.
  warnings.warn(message, FutureWarning)
/home/nirajpawar981/.local/lib/python3.10/site-packages/google/api_core/_python_version_support.py:255: FutureWarning: You are using a Python version (3.10.12) which Google will stop supporting in new releases of google.pubsub_v1 once it reaches its end of life (2026-10-04). Please upgrade to the latest Python version, or at least Python 3.11, to continue receiving updates for google.pubsub_v1 past that date.
  warnings.warn(message, FutureWarning)
CPU Usage : 1.5%
RAM Usage : 27.9%
Disk Usage: 51.0%
System Healthy - No Alert Generated
/home/nirajpawar981/.local/lib/python3.10/site-packages/google/api_core/_python_version_support.py:255: FutureWarning: You are using a Python version (3.10.12) which Google will stop supporting in new releases of google.api_core once it reaches its end of life (2026-10-04). Please upgrade to the latest Python version, or at least Python 3.11, to continue receiving updates for google.api_core past that date.
  warnings.warn(message, FutureWarning)
/home/nirajpawar981/.local/lib/python3.10/site-packages/google/api_core/_python_version_support.py:255: FutureWarning: You are using a Python version (3.10.12) which Google will stop supporting in new releases of google.pubsub_v1 once it reaches its end of life (2026-10-04). Please upgrade to the latest Python version, or at least Python 3.11, to continue receiving updates for google.pubsub_v1 past that date.
  warnings.warn(message, FutureWarning)
CPU Usage : 1.0%
RAM Usage : 29.0%
Disk Usage: 51.0%
System Healthy - No Alert Generated
/home/nirajpawar981/.local/lib/python3.10/site-packages/google/api_core/_python_version_support.py:255: FutureWarning: You are using a Python version (3.10.12) which Google will stop supporting in new releases of google.api_core once it reaches its end of life (2026-10-04). Please upgrade to the latest Python version, or at least Python 3.11, to continue receiving updates for google.api_core past that date.
  warnings.warn(message, FutureWarning)
/home/nirajpawar981/.local/lib/python3.10/site-packages/google/api_core/_python_version_support.py:255: FutureWarning: You are using a Python version (3.10.12) which Google will stop supporting in new releases of google.pubsub_v1 once it reaches its end of life (2026-10-04). Please upgrade to the latest Python version, or at least Python 3.11, to continue receiving updates for google.pubsub_v1 past that date.
  warnings.warn(message, FutureWarning)
CPU Usage : 0.0%
RAM Usage : 27.7%
Disk Usage: 51.0%
System Healthy - No Alert Generated
/home/nirajpawar981/.local/lib/python3.10/site-packages/google/api_core/_python_version_support.py:255: FutureWarning: You are using a Python version (3.10.12) which Google will stop supporting in new releases of google.api_core once it reaches its end of life (2026-10-04). Please upgrade to the latest Python version, or at least Python 3.11, to continue receiving updates for google.api_core past that date.
  warnings.warn(message, FutureWarning)
/home/nirajpawar981/.local/lib/python3.10/site-packages/google/api_core/_python_version_support.py:255: FutureWarning: You are using a Python version (3.10.12) which Google will stop supporting in new releases of google.pubsub_v1 once it reaches its end of life (2026-10-04). Please upgrade to the latest Python version, or at least Python 3.11, to continue receiving updates for google.pubsub_v1 past that date.
  warnings.warn(message, FutureWarning)
CPU Usage : 1.0%
RAM Usage : 28.8%
Disk Usage: 51.0%
System Healthy - No Alert Generated
/home/nirajpawar981/.local/lib/python3.10/site-packages/google/api_core/_python_version_support.py:255: FutureWarning: You are using a Python version (3.10.12) which Google will stop supporting in new releases of google.api_core once it reaches its end of life (2026-10-04). Please upgrade to the latest Python version, or at least Python 3.11, to continue receiving updates for google.api_core past that date.
  warnings.warn(message, FutureWarning)
/home/nirajpawar981/.local/lib/python3.10/site-packages/google/api_core/_python_version_support.py:255: FutureWarning: You are using a Python version (3.10.12) which Google will stop supporting in new releases of google.pubsub_v1 once it reaches its end of life (2026-10-04). Please upgrade to the latest Python version, or at least Python 3.11, to continue receiving updates for google.pubsub_v1 past that date.
  warnings.warn(message, FutureWarning)
CPU Usage : 0.5%
RAM Usage : 28.6%
Disk Usage: 51.0%
System Healthy - No Alert Generated
